<?xml version="1.0" encoding="UTF-8"?>
<robot generator="Robot 6.0.2 (Python 3.11.3 on win32)" generated="20230524 19:53:04.584" rpa="false" schemaversion="3">
<suite id="s1" name="Tests" source="D:\prog\uni\flashblog-back\src\test\robot\Tests\Tests.robot">
<test id="s1-t1" name="registration" line="9">
<kw name="Run Keywords" library="BuiltIn" type="SETUP">
<arg>Open Browser</arg>
<arg>http://localhost:3000/</arg>
<arg>${BROWSER}</arg>
<arg>AND</arg>
<arg>Set Selenium Speed</arg>
<arg>${SELSPEED}</arg>
<doc>Executes all the given keywords in a sequence.</doc>
<kw name="Open Browser" library="SeleniumLibrary">
<arg>http://localhost:3000/</arg>
<arg>${BROWSER}</arg>
<doc>Opens a new browser instance to the optional ``url``.</doc>
<msg timestamp="20230524 19:53:04.826" level="INFO">Opening browser 'chrome' to base url 'http://localhost:3000/'.</msg>
<msg timestamp="20230524 19:53:04.841" level="INFO">Executing: C:\Users\vovas\AppData\Local\Programs\Python\Python311\Lib\site-packages\selenium\webdriver\common\windows\selenium-manager.exe --browser chrome --output json</msg>
<status status="PASS" starttime="20230524 19:53:04.826" endtime="20230524 19:53:07.015"/>
</kw>
<kw name="Set Selenium Speed" library="SeleniumLibrary">
<arg>${SELSPEED}</arg>
<doc>Sets the delay that is waited after each Selenium command.</doc>
<status status="PASS" starttime="20230524 19:53:07.016" endtime="20230524 19:53:07.016"/>
</kw>
<status status="PASS" starttime="20230524 19:53:04.826" endtime="20230524 19:53:07.016"/>
</kw>
<kw name="click">
<arg>id=header-register-button</arg>
<kw name="Click Element" library="SeleniumLibrary">
<arg>${element}</arg>
<doc>Click the element identified by ``locator``.</doc>
<msg timestamp="20230524 19:53:07.017" level="INFO">Clicking element 'id=header-register-button'.</msg>
<status status="PASS" starttime="20230524 19:53:07.017" endtime="20230524 19:53:07.513"/>
</kw>
<status status="PASS" starttime="20230524 19:53:07.016" endtime="20230524 19:53:07.513"/>
</kw>
<kw name="click">
<arg>id=header-register-button</arg>
<kw name="Click Element" library="SeleniumLibrary">
<arg>${element}</arg>
<doc>Click the element identified by ``locator``.</doc>
<msg timestamp="20230524 19:53:07.514" level="INFO">Clicking element 'id=header-register-button'.</msg>
<status status="PASS" starttime="20230524 19:53:07.513" endtime="20230524 19:53:07.969"/>
</kw>
<status status="PASS" starttime="20230524 19:53:07.513" endtime="20230524 19:53:07.969"/>
</kw>
<kw name="type">
<arg>id=email</arg>
<arg>test@test</arg>
<kw name="Input Text" library="SeleniumLibrary">
<arg>${element}</arg>
<arg>${value}</arg>
<doc>Types the given ``text`` into the text field identified by ``locator``.</doc>
<msg timestamp="20230524 19:53:07.971" level="INFO">Typing text 'test@test' into text field 'id=email'.</msg>
<status status="PASS" starttime="20230524 19:53:07.970" endtime="20230524 19:53:08.736"/>
</kw>
<status status="PASS" starttime="20230524 19:53:07.969" endtime="20230524 19:53:08.736"/>
</kw>
<kw name="type">
<arg>id=username</arg>
<arg>test</arg>
<kw name="Input Text" library="SeleniumLibrary">
<arg>${element}</arg>
<arg>${value}</arg>
<doc>Types the given ``text`` into the text field identified by ``locator``.</doc>
<msg timestamp="20230524 19:53:08.737" level="INFO">Typing text 'test' into text field 'id=username'.</msg>
<status status="PASS" starttime="20230524 19:53:08.736" endtime="20230524 19:53:09.448"/>
</kw>
<status status="PASS" starttime="20230524 19:53:08.736" endtime="20230524 19:53:09.448"/>
</kw>
<kw name="type">
<arg>id=password</arg>
<arg>test</arg>
<kw name="Input Text" library="SeleniumLibrary">
<arg>${element}</arg>
<arg>${value}</arg>
<doc>Types the given ``text`` into the text field identified by ``locator``.</doc>
<msg timestamp="20230524 19:53:09.449" level="INFO">Typing text 'test' into text field 'id=password'.</msg>
<status status="PASS" starttime="20230524 19:53:09.448" endtime="20230524 19:53:10.146"/>
</kw>
<status status="PASS" starttime="20230524 19:53:09.448" endtime="20230524 19:53:10.146"/>
</kw>
<kw name="type">
<arg>id=confirmPassword</arg>
<arg>test</arg>
<kw name="Input Text" library="SeleniumLibrary">
<arg>${element}</arg>
<arg>${value}</arg>
<doc>Types the given ``text`` into the text field identified by ``locator``.</doc>
<msg timestamp="20230524 19:53:10.147" level="INFO">Typing text 'test' into text field 'id=confirmPassword'.</msg>
<status status="PASS" starttime="20230524 19:53:10.146" endtime="20230524 19:53:10.845"/>
</kw>
<status status="PASS" starttime="20230524 19:53:10.146" endtime="20230524 19:53:10.845"/>
</kw>
<kw name="click">
<arg>id=registerButton</arg>
<kw name="Click Element" library="SeleniumLibrary">
<arg>${element}</arg>
<doc>Click the element identified by ``locator``.</doc>
<msg timestamp="20230524 19:53:10.845" level="INFO">Clicking element 'id=registerButton'.</msg>
<status status="PASS" starttime="20230524 19:53:10.845" endtime="20230524 19:53:11.300"/>
</kw>
<status status="PASS" starttime="20230524 19:53:10.845" endtime="20230524 19:53:11.300"/>
</kw>
<kw name="Close Browser" library="SeleniumLibrary" type="TEARDOWN">
<doc>Closes the current browser.</doc>
<status status="PASS" starttime="20230524 19:53:11.300" endtime="20230524 19:53:13.556"/>
</kw>
<status status="PASS" starttime="20230524 19:53:04.825" endtime="20230524 19:53:13.556"/>
</test>
<test id="s1-t2" name="password-restore" line="21">
<kw name="Run Keywords" library="BuiltIn" type="SETUP">
<arg>Open Browser</arg>
<arg>http://localhost:3000/</arg>
<arg>${BROWSER}</arg>
<arg>AND</arg>
<arg>Set Selenium Speed</arg>
<arg>${SELSPEED}</arg>
<doc>Executes all the given keywords in a sequence.</doc>
<kw name="Open Browser" library="SeleniumLibrary">
<arg>http://localhost:3000/</arg>
<arg>${BROWSER}</arg>
<doc>Opens a new browser instance to the optional ``url``.</doc>
<msg timestamp="20230524 19:53:13.559" level="INFO">Opening browser 'chrome' to base url 'http://localhost:3000/'.</msg>
<msg timestamp="20230524 19:53:13.577" level="INFO">Executing: C:\Users\vovas\AppData\Local\Programs\Python\Python311\Lib\site-packages\selenium\webdriver\common\windows\selenium-manager.exe --browser chrome --output json</msg>
<status status="PASS" starttime="20230524 19:53:13.558" endtime="20230524 19:53:15.788"/>
</kw>
<kw name="Set Selenium Speed" library="SeleniumLibrary">
<arg>${SELSPEED}</arg>
<doc>Sets the delay that is waited after each Selenium command.</doc>
<status status="PASS" starttime="20230524 19:53:15.788" endtime="20230524 19:53:15.788"/>
</kw>
<status status="PASS" starttime="20230524 19:53:13.558" endtime="20230524 19:53:15.788"/>
</kw>
<kw name="click">
<arg>id=forgotPassword</arg>
<kw name="Click Element" library="SeleniumLibrary">
<arg>${element}</arg>
<doc>Click the element identified by ``locator``.</doc>
<msg timestamp="20230524 19:53:15.789" level="INFO">Clicking element 'id=forgotPassword'.</msg>
<status status="PASS" starttime="20230524 19:53:15.788" endtime="20230524 19:53:16.261"/>
</kw>
<status status="PASS" starttime="20230524 19:53:15.788" endtime="20230524 19:53:16.261"/>
</kw>
<kw name="click">
<arg>id=email</arg>
<kw name="Click Element" library="SeleniumLibrary">
<arg>${element}</arg>
<doc>Click the element identified by ``locator``.</doc>
<msg timestamp="20230524 19:53:16.262" level="INFO">Clicking element 'id=email'.</msg>
<status status="PASS" starttime="20230524 19:53:16.261" endtime="20230524 19:53:16.709"/>
</kw>
<status status="PASS" starttime="20230524 19:53:16.261" endtime="20230524 19:53:16.709"/>
</kw>
<kw name="type">
<arg>id=email</arg>
<arg>test@test</arg>
<kw name="Input Text" library="SeleniumLibrary">
<arg>${element}</arg>
<arg>${value}</arg>
<doc>Types the given ``text`` into the text field identified by ``locator``.</doc>
<msg timestamp="20230524 19:53:16.710" level="INFO">Typing text 'test@test' into text field 'id=email'.</msg>
<status status="PASS" starttime="20230524 19:53:16.709" endtime="20230524 19:53:17.423"/>
</kw>
<status status="PASS" starttime="20230524 19:53:16.709" endtime="20230524 19:53:17.423"/>
</kw>
<kw name="click">
<arg>id=submitEmail</arg>
<kw name="Click Element" library="SeleniumLibrary">
<arg>${element}</arg>
<doc>Click the element identified by ``locator``.</doc>
<msg timestamp="20230524 19:53:17.425" level="INFO">Clicking element 'id=submitEmail'.</msg>
<status status="PASS" starttime="20230524 19:53:17.424" endtime="20230524 19:53:17.888"/>
</kw>
<status status="PASS" starttime="20230524 19:53:17.423" endtime="20230524 19:53:17.888"/>
</kw>
<kw name="Close Browser" library="SeleniumLibrary" type="TEARDOWN">
<doc>Closes the current browser.</doc>
<status status="PASS" starttime="20230524 19:53:17.888" endtime="20230524 19:53:20.151"/>
</kw>
<status status="PASS" starttime="20230524 19:53:13.557" endtime="20230524 19:53:20.151"/>
</test>
<test id="s1-t3" name="loggining" line="30">
<kw name="Run Keywords" library="BuiltIn" type="SETUP">
<arg>Open Browser</arg>
<arg>http://localhost:3000/</arg>
<arg>${BROWSER}</arg>
<arg>AND</arg>
<arg>Set Selenium Speed</arg>
<arg>${SELSPEED}</arg>
<doc>Executes all the given keywords in a sequence.</doc>
<kw name="Open Browser" library="SeleniumLibrary">
<arg>http://localhost:3000/</arg>
<arg>${BROWSER}</arg>
<doc>Opens a new browser instance to the optional ``url``.</doc>
<msg timestamp="20230524 19:53:20.152" level="INFO">Opening browser 'chrome' to base url 'http://localhost:3000/'.</msg>
<msg timestamp="20230524 19:53:20.167" level="INFO">Executing: C:\Users\vovas\AppData\Local\Programs\Python\Python311\Lib\site-packages\selenium\webdriver\common\windows\selenium-manager.exe --browser chrome --output json</msg>
<status status="PASS" starttime="20230524 19:53:20.152" endtime="20230524 19:53:22.464"/>
</kw>
<kw name="Set Selenium Speed" library="SeleniumLibrary">
<arg>${SELSPEED}</arg>
<doc>Sets the delay that is waited after each Selenium command.</doc>
<status status="PASS" starttime="20230524 19:53:22.464" endtime="20230524 19:53:22.464"/>
</kw>
<status status="PASS" starttime="20230524 19:53:20.151" endtime="20230524 19:53:22.464"/>
</kw>
<kw name="click">
<arg>id=email</arg>
<kw name="Click Element" library="SeleniumLibrary">
<arg>${element}</arg>
<doc>Click the element identified by ``locator``.</doc>
<msg timestamp="20230524 19:53:22.465" level="INFO">Clicking element 'id=email'.</msg>
<status status="PASS" starttime="20230524 19:53:22.464" endtime="20230524 19:53:22.918"/>
</kw>
<status status="PASS" starttime="20230524 19:53:22.464" endtime="20230524 19:53:22.918"/>
</kw>
<kw name="type">
<arg>id=email</arg>
<arg>test@test</arg>
<kw name="Input Text" library="SeleniumLibrary">
<arg>${element}</arg>
<arg>${value}</arg>
<doc>Types the given ``text`` into the text field identified by ``locator``.</doc>
<msg timestamp="20230524 19:53:22.919" level="INFO">Typing text 'test@test' into text field 'id=email'.</msg>
<status status="PASS" starttime="20230524 19:53:22.918" endtime="20230524 19:53:23.650"/>
</kw>
<status status="PASS" starttime="20230524 19:53:22.918" endtime="20230524 19:53:23.650"/>
</kw>
<kw name="click">
<arg>id=password</arg>
<kw name="Click Element" library="SeleniumLibrary">
<arg>${element}</arg>
<doc>Click the element identified by ``locator``.</doc>
<msg timestamp="20230524 19:53:23.652" level="INFO">Clicking element 'id=password'.</msg>
<status status="PASS" starttime="20230524 19:53:23.651" endtime="20230524 19:53:24.109"/>
</kw>
<status status="PASS" starttime="20230524 19:53:23.651" endtime="20230524 19:53:24.109"/>
</kw>
<kw name="type">
<arg>id=password</arg>
<arg>test</arg>
<kw name="Input Text" library="SeleniumLibrary">
<arg>${element}</arg>
<arg>${value}</arg>
<doc>Types the given ``text`` into the text field identified by ``locator``.</doc>
<msg timestamp="20230524 19:53:24.110" level="INFO">Typing text 'test' into text field 'id=password'.</msg>
<status status="PASS" starttime="20230524 19:53:24.109" endtime="20230524 19:53:24.787"/>
</kw>
<status status="PASS" starttime="20230524 19:53:24.109" endtime="20230524 19:53:24.787"/>
</kw>
<kw name="click">
<arg>id=loginButton</arg>
<kw name="Click Element" library="SeleniumLibrary">
<arg>${element}</arg>
<doc>Click the element identified by ``locator``.</doc>
<msg timestamp="20230524 19:53:24.787" level="INFO">Clicking element 'id=loginButton'.</msg>
<status status="PASS" starttime="20230524 19:53:24.787" endtime="20230524 19:53:25.240"/>
</kw>
<status status="PASS" starttime="20230524 19:53:24.787" endtime="20230524 19:53:25.240"/>
</kw>
<kw name="Close Browser" library="SeleniumLibrary" type="TEARDOWN">
<doc>Closes the current browser.</doc>
<status status="PASS" starttime="20230524 19:53:25.240" endtime="20230524 19:53:27.884"/>
</kw>
<status status="PASS" starttime="20230524 19:53:20.151" endtime="20230524 19:53:27.884"/>
</test>
<test id="s1-t4" name="my-profile" line="40">
<kw name="Run Keywords" library="BuiltIn" type="SETUP">
<arg>Open Browser</arg>
<arg>http://localhost:3000/</arg>
<arg>${BROWSER}</arg>
<arg>AND</arg>
<arg>Set Selenium Speed</arg>
<arg>${SELSPEED}</arg>
<doc>Executes all the given keywords in a sequence.</doc>
<kw name="Open Browser" library="SeleniumLibrary">
<arg>http://localhost:3000/</arg>
<arg>${BROWSER}</arg>
<doc>Opens a new browser instance to the optional ``url``.</doc>
<msg timestamp="20230524 19:53:27.887" level="INFO">Opening browser 'chrome' to base url 'http://localhost:3000/'.</msg>
<msg timestamp="20230524 19:53:27.903" level="INFO">Executing: C:\Users\vovas\AppData\Local\Programs\Python\Python311\Lib\site-packages\selenium\webdriver\common\windows\selenium-manager.exe --browser chrome --output json</msg>
<status status="PASS" starttime="20230524 19:53:27.886" endtime="20230524 19:53:30.100"/>
</kw>
<kw name="Set Selenium Speed" library="SeleniumLibrary">
<arg>${SELSPEED}</arg>
<doc>Sets the delay that is waited after each Selenium command.</doc>
<status status="PASS" starttime="20230524 19:53:30.100" endtime="20230524 19:53:30.100"/>
</kw>
<status status="PASS" starttime="20230524 19:53:27.885" endtime="20230524 19:53:30.100"/>
</kw>
<kw name="login">
<arg>test@test</arg>
<arg>test</arg>
<kw name="click">
<arg>id=email</arg>
<kw name="Click Element" library="SeleniumLibrary">
<arg>${element}</arg>
<doc>Click the element identified by ``locator``.</doc>
<msg timestamp="20230524 19:53:30.101" level="INFO">Clicking element 'id=email'.</msg>
<status status="PASS" starttime="20230524 19:53:30.101" endtime="20230524 19:53:30.556"/>
</kw>
<status status="PASS" starttime="20230524 19:53:30.100" endtime="20230524 19:53:30.556"/>
</kw>
<kw name="type">
<arg>id=email</arg>
<arg>${email}</arg>
<kw name="Input Text" library="SeleniumLibrary">
<arg>${element}</arg>
<arg>${value}</arg>
<doc>Types the given ``text`` into the text field identified by ``locator``.</doc>
<msg timestamp="20230524 19:53:30.557" level="INFO">Typing text 'test@test' into text field 'id=email'.</msg>
<status status="PASS" starttime="20230524 19:53:30.556" endtime="20230524 19:53:31.283"/>
</kw>
<status status="PASS" starttime="20230524 19:53:30.556" endtime="20230524 19:53:31.283"/>
</kw>
<kw name="click">
<arg>id=password</arg>
<kw name="Click Element" library="SeleniumLibrary">
<arg>${element}</arg>
<doc>Click the element identified by ``locator``.</doc>
<msg timestamp="20230524 19:53:31.285" level="INFO">Clicking element 'id=password'.</msg>
<status status="PASS" starttime="20230524 19:53:31.284" endtime="20230524 19:53:31.741"/>
</kw>
<status status="PASS" starttime="20230524 19:53:31.283" endtime="20230524 19:53:31.741"/>
</kw>
<kw name="type">
<arg>id=password</arg>
<arg>${pass}</arg>
<kw name="Input Text" library="SeleniumLibrary">
<arg>${element}</arg>
<arg>${value}</arg>
<doc>Types the given ``text`` into the text field identified by ``locator``.</doc>
<msg timestamp="20230524 19:53:31.742" level="INFO">Typing text 'test' into text field 'id=password'.</msg>
<status status="PASS" starttime="20230524 19:53:31.741" endtime="20230524 19:53:32.421"/>
</kw>
<status status="PASS" starttime="20230524 19:53:31.741" endtime="20230524 19:53:32.421"/>
</kw>
<kw name="click">
<arg>id=loginButton</arg>
<kw name="Click Element" library="SeleniumLibrary">
<arg>${element}</arg>
<doc>Click the element identified by ``locator``.</doc>
<msg timestamp="20230524 19:53:32.422" level="INFO">Clicking element 'id=loginButton'.</msg>
<status status="PASS" starttime="20230524 19:53:32.421" endtime="20230524 19:53:32.874"/>
</kw>
<status status="PASS" starttime="20230524 19:53:32.421" endtime="20230524 19:53:32.874"/>
</kw>
<status status="PASS" starttime="20230524 19:53:30.100" endtime="20230524 19:53:32.874"/>
</kw>
<kw name="click">
<arg>id=myProfile</arg>
<kw name="Click Element" library="SeleniumLibrary">
<arg>${element}</arg>
<doc>Click the element identified by ``locator``.</doc>
<msg timestamp="20230524 19:53:32.875" level="INFO">Clicking element 'id=myProfile'.</msg>
<status status="PASS" starttime="20230524 19:53:32.874" endtime="20230524 19:53:33.331"/>
</kw>
<status status="PASS" starttime="20230524 19:53:32.874" endtime="20230524 19:53:33.331"/>
</kw>
<kw name="click">
<arg>id=modifyInfoButton</arg>
<kw name="Click Element" library="SeleniumLibrary">
<arg>${element}</arg>
<doc>Click the element identified by ``locator``.</doc>
<msg timestamp="20230524 19:53:33.332" level="INFO">Clicking element 'id=modifyInfoButton'.</msg>
<status status="PASS" starttime="20230524 19:53:33.331" endtime="20230524 19:53:33.796"/>
</kw>
<status status="PASS" starttime="20230524 19:53:33.331" endtime="20230524 19:53:33.796"/>
</kw>
<kw name="click">
<arg>id=modifyDataButton</arg>
<kw name="Click Element" library="SeleniumLibrary">
<arg>${element}</arg>
<doc>Click the element identified by ``locator``.</doc>
<msg timestamp="20230524 19:53:33.796" level="INFO">Clicking element 'id=modifyDataButton'.</msg>
<status status="PASS" starttime="20230524 19:53:33.796" endtime="20230524 19:53:34.249"/>
</kw>
<status status="PASS" starttime="20230524 19:53:33.796" endtime="20230524 19:53:34.249"/>
</kw>
<kw name="Close Browser" library="SeleniumLibrary" type="TEARDOWN">
<doc>Closes the current browser.</doc>
<status status="PASS" starttime="20230524 19:53:34.249" endtime="20230524 19:53:36.512"/>
</kw>
<status status="PASS" starttime="20230524 19:53:27.884" endtime="20230524 19:53:36.512"/>
</test>
<test id="s1-t5" name="my-profile-data-change" line="49">
<kw name="Run Keywords" library="BuiltIn" type="SETUP">
<arg>Open Browser</arg>
<arg>http://localhost:3000/</arg>
<arg>${BROWSER}</arg>
<arg>AND</arg>
<arg>Set Selenium Speed</arg>
<arg>${SELSPEED}</arg>
<doc>Executes all the given keywords in a sequence.</doc>
<kw name="Open Browser" library="SeleniumLibrary">
<arg>http://localhost:3000/</arg>
<arg>${BROWSER}</arg>
<doc>Opens a new browser instance to the optional ``url``.</doc>
<msg timestamp="20230524 19:53:36.513" level="INFO">Opening browser 'chrome' to base url 'http://localhost:3000/'.</msg>
<msg timestamp="20230524 19:53:36.531" level="INFO">Executing: C:\Users\vovas\AppData\Local\Programs\Python\Python311\Lib\site-packages\selenium\webdriver\common\windows\selenium-manager.exe --browser chrome --output json</msg>
<status status="PASS" starttime="20230524 19:53:36.512" endtime="20230524 19:53:38.730"/>
</kw>
<kw name="Set Selenium Speed" library="SeleniumLibrary">
<arg>${SELSPEED}</arg>
<doc>Sets the delay that is waited after each Selenium command.</doc>
<status status="PASS" starttime="20230524 19:53:38.730" endtime="20230524 19:53:38.730"/>
</kw>
<status status="PASS" starttime="20230524 19:53:36.512" endtime="20230524 19:53:38.730"/>
</kw>
<kw name="login">
<arg>test@test</arg>
<arg>test</arg>
<kw name="click">
<arg>id=email</arg>
<kw name="Click Element" library="SeleniumLibrary">
<arg>${element}</arg>
<doc>Click the element identified by ``locator``.</doc>
<msg timestamp="20230524 19:53:38.732" level="INFO">Clicking element 'id=email'.</msg>
<status status="PASS" starttime="20230524 19:53:38.731" endtime="20230524 19:53:39.188"/>
</kw>
<status status="PASS" starttime="20230524 19:53:38.731" endtime="20230524 19:53:39.188"/>
</kw>
<kw name="type">
<arg>id=email</arg>
<arg>${email}</arg>
<kw name="Input Text" library="SeleniumLibrary">
<arg>${element}</arg>
<arg>${value}</arg>
<doc>Types the given ``text`` into the text field identified by ``locator``.</doc>
<msg timestamp="20230524 19:53:39.189" level="INFO">Typing text 'test@test' into text field 'id=email'.</msg>
<status status="PASS" starttime="20230524 19:53:39.188" endtime="20230524 19:53:39.923"/>
</kw>
<status status="PASS" starttime="20230524 19:53:39.188" endtime="20230524 19:53:39.923"/>
</kw>
<kw name="click">
<arg>id=password</arg>
<kw name="Click Element" library="SeleniumLibrary">
<arg>${element}</arg>
<doc>Click the element identified by ``locator``.</doc>
<msg timestamp="20230524 19:53:39.924" level="INFO">Clicking element 'id=password'.</msg>
<status status="PASS" starttime="20230524 19:53:39.924" endtime="20230524 19:53:40.374"/>
</kw>
<status status="PASS" starttime="20230524 19:53:39.923" endtime="20230524 19:53:40.374"/>
</kw>
<kw name="type">
<arg>id=password</arg>
<arg>${pass}</arg>
<kw name="Input Text" library="SeleniumLibrary">
<arg>${element}</arg>
<arg>${value}</arg>
<doc>Types the given ``text`` into the text field identified by ``locator``.</doc>
<msg timestamp="20230524 19:53:40.375" level="INFO">Typing text 'test' into text field 'id=password'.</msg>
<status status="PASS" starttime="20230524 19:53:40.374" endtime="20230524 19:53:41.052"/>
</kw>
<status status="PASS" starttime="20230524 19:53:40.374" endtime="20230524 19:53:41.052"/>
</kw>
<kw name="click">
<arg>id=loginButton</arg>
<kw name="Click Element" library="SeleniumLibrary">
<arg>${element}</arg>
<doc>Click the element identified by ``locator``.</doc>
<msg timestamp="20230524 19:53:41.052" level="INFO">Clicking element 'id=loginButton'.</msg>
<status status="PASS" starttime="20230524 19:53:41.052" endtime="20230524 19:53:41.505"/>
</kw>
<status status="PASS" starttime="20230524 19:53:41.052" endtime="20230524 19:53:41.505"/>
</kw>
<status status="PASS" starttime="20230524 19:53:38.730" endtime="20230524 19:53:41.505"/>
</kw>
<kw name="click">
<arg>id=myProfile</arg>
<kw name="Click Element" library="SeleniumLibrary">
<arg>${element}</arg>
<doc>Click the element identified by ``locator``.</doc>
<msg timestamp="20230524 19:53:41.506" level="INFO">Clicking element 'id=myProfile'.</msg>
<status status="PASS" starttime="20230524 19:53:41.505" endtime="20230524 19:53:41.963"/>
</kw>
<status status="PASS" starttime="20230524 19:53:41.505" endtime="20230524 19:53:41.963"/>
</kw>
<kw name="click">
<arg>id=modifyPasswordButton</arg>
<kw name="Click Element" library="SeleniumLibrary">
<arg>${element}</arg>
<doc>Click the element identified by ``locator``.</doc>
<msg timestamp="20230524 19:53:41.963" level="INFO">Clicking element 'id=modifyPasswordButton'.</msg>
<status status="PASS" starttime="20230524 19:53:41.963" endtime="20230524 19:53:42.431"/>
</kw>
<status status="PASS" starttime="20230524 19:53:41.963" endtime="20230524 19:53:42.431"/>
</kw>
<kw name="type">
<arg>id=password</arg>
<arg>test</arg>
<kw name="Input Text" library="SeleniumLibrary">
<arg>${element}</arg>
<arg>${value}</arg>
<doc>Types the given ``text`` into the text field identified by ``locator``.</doc>
<msg timestamp="20230524 19:53:42.432" level="INFO">Typing text 'test' into text field 'id=password'.</msg>
<status status="PASS" starttime="20230524 19:53:42.431" endtime="20230524 19:53:43.108"/>
</kw>
<status status="PASS" starttime="20230524 19:53:42.431" endtime="20230524 19:53:43.108"/>
</kw>
<kw name="type">
<arg>id=confirmPassword</arg>
<arg>test</arg>
<kw name="Input Text" library="SeleniumLibrary">
<arg>${element}</arg>
<arg>${value}</arg>
<doc>Types the given ``text`` into the text field identified by ``locator``.</doc>
<msg timestamp="20230524 19:53:43.109" level="INFO">Typing text 'test' into text field 'id=confirmPassword'.</msg>
<status status="PASS" starttime="20230524 19:53:43.108" endtime="20230524 19:53:43.844"/>
</kw>
<status status="PASS" starttime="20230524 19:53:43.108" endtime="20230524 19:53:43.844"/>
</kw>
<kw name="click">
<arg>css=.css-k008qs &gt; #modifyPasswordButton</arg>
<kw name="Click Element" library="SeleniumLibrary">
<arg>${element}</arg>
<doc>Click the element identified by ``locator``.</doc>
<msg timestamp="20230524 19:53:43.844" level="INFO">Clicking element 'css=.css-k008qs &gt; #modifyPasswordButton'.</msg>
<status status="PASS" starttime="20230524 19:53:43.844" endtime="20230524 19:53:44.292"/>
</kw>
<status status="PASS" starttime="20230524 19:53:43.844" endtime="20230524 19:53:44.292"/>
</kw>
<kw name="Close Browser" library="SeleniumLibrary" type="TEARDOWN">
<doc>Closes the current browser.</doc>
<status status="PASS" starttime="20230524 19:53:44.292" endtime="20230524 19:53:46.549"/>
</kw>
<status status="PASS" starttime="20230524 19:53:36.512" endtime="20230524 19:53:46.549"/>
</test>
<test id="s1-t6" name="my-profile-password-change" line="60">
<kw name="Run Keywords" library="BuiltIn" type="SETUP">
<arg>Open Browser</arg>
<arg>http://localhost:3000/</arg>
<arg>${BROWSER}</arg>
<arg>AND</arg>
<arg>Set Selenium Speed</arg>
<arg>${SELSPEED}</arg>
<doc>Executes all the given keywords in a sequence.</doc>
<kw name="Open Browser" library="SeleniumLibrary">
<arg>http://localhost:3000/</arg>
<arg>${BROWSER}</arg>
<doc>Opens a new browser instance to the optional ``url``.</doc>
<msg timestamp="20230524 19:53:46.551" level="INFO">Opening browser 'chrome' to base url 'http://localhost:3000/'.</msg>
<msg timestamp="20230524 19:53:46.566" level="INFO">Executing: C:\Users\vovas\AppData\Local\Programs\Python\Python311\Lib\site-packages\selenium\webdriver\common\windows\selenium-manager.exe --browser chrome --output json</msg>
<status status="PASS" starttime="20230524 19:53:46.551" endtime="20230524 19:53:48.764"/>
</kw>
<kw name="Set Selenium Speed" library="SeleniumLibrary">
<arg>${SELSPEED}</arg>
<doc>Sets the delay that is waited after each Selenium command.</doc>
<status status="PASS" starttime="20230524 19:53:48.764" endtime="20230524 19:53:48.764"/>
</kw>
<status status="PASS" starttime="20230524 19:53:46.550" endtime="20230524 19:53:48.764"/>
</kw>
<kw name="login">
<arg>test@test</arg>
<arg>test</arg>
<kw name="click">
<arg>id=email</arg>
<kw name="Click Element" library="SeleniumLibrary">
<arg>${element}</arg>
<doc>Click the element identified by ``locator``.</doc>
<msg timestamp="20230524 19:53:48.765" level="INFO">Clicking element 'id=email'.</msg>
<status status="PASS" starttime="20230524 19:53:48.765" endtime="20230524 19:53:49.225"/>
</kw>
<status status="PASS" starttime="20230524 19:53:48.764" endtime="20230524 19:53:49.225"/>
</kw>
<kw name="type">
<arg>id=email</arg>
<arg>${email}</arg>
<kw name="Input Text" library="SeleniumLibrary">
<arg>${element}</arg>
<arg>${value}</arg>
<doc>Types the given ``text`` into the text field identified by ``locator``.</doc>
<msg timestamp="20230524 19:53:49.226" level="INFO">Typing text 'test@test' into text field 'id=email'.</msg>
<status status="PASS" starttime="20230524 19:53:49.225" endtime="20230524 19:53:49.959"/>
</kw>
<status status="PASS" starttime="20230524 19:53:49.225" endtime="20230524 19:53:49.959"/>
</kw>
<kw name="click">
<arg>id=password</arg>
<kw name="Click Element" library="SeleniumLibrary">
<arg>${element}</arg>
<doc>Click the element identified by ``locator``.</doc>
<msg timestamp="20230524 19:53:49.961" level="INFO">Clicking element 'id=password'.</msg>
<status status="PASS" starttime="20230524 19:53:49.960" endtime="20230524 19:53:50.422"/>
</kw>
<status status="PASS" starttime="20230524 19:53:49.960" endtime="20230524 19:53:50.422"/>
</kw>
<kw name="type">
<arg>id=password</arg>
<arg>${pass}</arg>
<kw name="Input Text" library="SeleniumLibrary">
<arg>${element}</arg>
<arg>${value}</arg>
<doc>Types the given ``text`` into the text field identified by ``locator``.</doc>
<msg timestamp="20230524 19:53:50.423" level="INFO">Typing text 'test' into text field 'id=password'.</msg>
<status status="PASS" starttime="20230524 19:53:50.422" endtime="20230524 19:53:51.101"/>
</kw>
<status status="PASS" starttime="20230524 19:53:50.422" endtime="20230524 19:53:51.101"/>
</kw>
<kw name="click">
<arg>id=loginButton</arg>
<kw name="Click Element" library="SeleniumLibrary">
<arg>${element}</arg>
<doc>Click the element identified by ``locator``.</doc>
<msg timestamp="20230524 19:53:51.101" level="INFO">Clicking element 'id=loginButton'.</msg>
<status status="PASS" starttime="20230524 19:53:51.101" endtime="20230524 19:53:51.553"/>
</kw>
<status status="PASS" starttime="20230524 19:53:51.101" endtime="20230524 19:53:51.553"/>
</kw>
<status status="PASS" starttime="20230524 19:53:48.764" endtime="20230524 19:53:51.553"/>
</kw>
<kw name="click">
<arg>id=newPostButton</arg>
<kw name="Click Element" library="SeleniumLibrary">
<arg>${element}</arg>
<doc>Click the element identified by ``locator``.</doc>
<msg timestamp="20230524 19:53:51.554" level="INFO">Clicking element 'id=newPostButton'.</msg>
<status status="PASS" starttime="20230524 19:53:51.553" endtime="20230524 19:53:52.023"/>
</kw>
<status status="PASS" starttime="20230524 19:53:51.553" endtime="20230524 19:53:52.023"/>
</kw>
<kw name="type">
<arg>id=postTheme</arg>
<arg>Test</arg>
<kw name="Input Text" library="SeleniumLibrary">
<arg>${element}</arg>
<arg>${value}</arg>
<doc>Types the given ``text`` into the text field identified by ``locator``.</doc>
<msg timestamp="20230524 19:53:52.024" level="INFO">Typing text 'Test' into text field 'id=postTheme'.</msg>
<status status="PASS" starttime="20230524 19:53:52.023" endtime="20230524 19:53:52.696"/>
</kw>
<status status="PASS" starttime="20230524 19:53:52.023" endtime="20230524 19:53:52.696"/>
</kw>
<kw name="click">
<arg>id=postContent</arg>
<kw name="Click Element" library="SeleniumLibrary">
<arg>${element}</arg>
<doc>Click the element identified by ``locator``.</doc>
<msg timestamp="20230524 19:53:52.696" level="INFO">Clicking element 'id=postContent'.</msg>
<status status="PASS" starttime="20230524 19:53:52.696" endtime="20230524 19:53:53.143"/>
</kw>
<status status="PASS" starttime="20230524 19:53:52.696" endtime="20230524 19:53:53.143"/>
</kw>
<kw name="type">
<arg>id=postContent</arg>
<arg>Test</arg>
<kw name="Input Text" library="SeleniumLibrary">
<arg>${element}</arg>
<arg>${value}</arg>
<doc>Types the given ``text`` into the text field identified by ``locator``.</doc>
<msg timestamp="20230524 19:53:53.144" level="INFO">Typing text 'Test' into text field 'id=postContent'.</msg>
<status status="PASS" starttime="20230524 19:53:53.143" endtime="20230524 19:53:53.822"/>
</kw>
<status status="PASS" starttime="20230524 19:53:53.143" endtime="20230524 19:53:53.822"/>
</kw>
<kw name="click">
<arg>id=createPostButton</arg>
<kw name="Click Element" library="SeleniumLibrary">
<arg>${element}</arg>
<doc>Click the element identified by ``locator``.</doc>
<msg timestamp="20230524 19:53:53.824" level="INFO">Clicking element 'id=createPostButton'.</msg>
<status status="PASS" starttime="20230524 19:53:53.823" endtime="20230524 19:53:54.281"/>
</kw>
<status status="PASS" starttime="20230524 19:53:53.822" endtime="20230524 19:53:54.281"/>
</kw>
<kw name="Close Browser" library="SeleniumLibrary" type="TEARDOWN">
<doc>Closes the current browser.</doc>
<status status="PASS" starttime="20230524 19:53:54.281" endtime="20230524 19:53:56.555"/>
</kw>
<status status="PASS" starttime="20230524 19:53:46.550" endtime="20230524 19:53:56.555"/>
</test>
<test id="s1-t7" name="create-post" line="71">
<kw name="Run Keywords" library="BuiltIn" type="SETUP">
<arg>Open Browser</arg>
<arg>http://localhost:3000/</arg>
<arg>${BROWSER}</arg>
<arg>AND</arg>
<arg>Set Selenium Speed</arg>
<arg>${SELSPEED}</arg>
<doc>Executes all the given keywords in a sequence.</doc>
<kw name="Open Browser" library="SeleniumLibrary">
<arg>http://localhost:3000/</arg>
<arg>${BROWSER}</arg>
<doc>Opens a new browser instance to the optional ``url``.</doc>
<msg timestamp="20230524 19:53:56.558" level="INFO">Opening browser 'chrome' to base url 'http://localhost:3000/'.</msg>
<msg timestamp="20230524 19:53:56.580" level="INFO">Executing: C:\Users\vovas\AppData\Local\Programs\Python\Python311\Lib\site-packages\selenium\webdriver\common\windows\selenium-manager.exe --browser chrome --output json</msg>
<status status="PASS" starttime="20230524 19:53:56.557" endtime="20230524 19:53:58.792"/>
</kw>
<kw name="Set Selenium Speed" library="SeleniumLibrary">
<arg>${SELSPEED}</arg>
<doc>Sets the delay that is waited after each Selenium command.</doc>
<status status="PASS" starttime="20230524 19:53:58.792" endtime="20230524 19:53:58.792"/>
</kw>
<status status="PASS" starttime="20230524 19:53:56.557" endtime="20230524 19:53:58.792"/>
</kw>
<kw name="login">
<arg>test@test</arg>
<arg>test</arg>
<kw name="click">
<arg>id=email</arg>
<kw name="Click Element" library="SeleniumLibrary">
<arg>${element}</arg>
<doc>Click the element identified by ``locator``.</doc>
<msg timestamp="20230524 19:53:58.793" level="INFO">Clicking element 'id=email'.</msg>
<status status="PASS" starttime="20230524 19:53:58.793" endtime="20230524 19:53:59.246"/>
</kw>
<status status="PASS" starttime="20230524 19:53:58.792" endtime="20230524 19:53:59.246"/>
</kw>
<kw name="type">
<arg>id=email</arg>
<arg>${email}</arg>
<kw name="Input Text" library="SeleniumLibrary">
<arg>${element}</arg>
<arg>${value}</arg>
<doc>Types the given ``text`` into the text field identified by ``locator``.</doc>
<msg timestamp="20230524 19:53:59.247" level="INFO">Typing text 'test@test' into text field 'id=email'.</msg>
<status status="PASS" starttime="20230524 19:53:59.246" endtime="20230524 19:53:59.976"/>
</kw>
<status status="PASS" starttime="20230524 19:53:59.246" endtime="20230524 19:53:59.976"/>
</kw>
<kw name="click">
<arg>id=password</arg>
<kw name="Click Element" library="SeleniumLibrary">
<arg>${element}</arg>
<doc>Click the element identified by ``locator``.</doc>
<msg timestamp="20230524 19:53:59.977" level="INFO">Clicking element 'id=password'.</msg>
<status status="PASS" starttime="20230524 19:53:59.976" endtime="20230524 19:54:00.439"/>
</kw>
<status status="PASS" starttime="20230524 19:53:59.976" endtime="20230524 19:54:00.439"/>
</kw>
<kw name="type">
<arg>id=password</arg>
<arg>${pass}</arg>
<kw name="Input Text" library="SeleniumLibrary">
<arg>${element}</arg>
<arg>${value}</arg>
<doc>Types the given ``text`` into the text field identified by ``locator``.</doc>
<msg timestamp="20230524 19:54:00.440" level="INFO">Typing text 'test' into text field 'id=password'.</msg>
<status status="PASS" starttime="20230524 19:54:00.439" endtime="20230524 19:54:01.114"/>
</kw>
<status status="PASS" starttime="20230524 19:54:00.439" endtime="20230524 19:54:01.114"/>
</kw>
<kw name="click">
<arg>id=loginButton</arg>
<kw name="Click Element" library="SeleniumLibrary">
<arg>${element}</arg>
<doc>Click the element identified by ``locator``.</doc>
<msg timestamp="20230524 19:54:01.114" level="INFO">Clicking element 'id=loginButton'.</msg>
<status status="PASS" starttime="20230524 19:54:01.114" endtime="20230524 19:54:01.568"/>
</kw>
<status status="PASS" starttime="20230524 19:54:01.114" endtime="20230524 19:54:01.568"/>
</kw>
<status status="PASS" starttime="20230524 19:53:58.792" endtime="20230524 19:54:01.568"/>
</kw>
<kw name="click">
<arg>id=newPostButton</arg>
<kw name="Click Element" library="SeleniumLibrary">
<arg>${element}</arg>
<doc>Click the element identified by ``locator``.</doc>
<msg timestamp="20230524 19:54:01.569" level="INFO">Clicking element 'id=newPostButton'.</msg>
<status status="PASS" starttime="20230524 19:54:01.568" endtime="20230524 19:54:02.039"/>
</kw>
<status status="PASS" starttime="20230524 19:54:01.568" endtime="20230524 19:54:02.039"/>
</kw>
<kw name="type">
<arg>id=postTheme</arg>
<arg>Test</arg>
<kw name="Input Text" library="SeleniumLibrary">
<arg>${element}</arg>
<arg>${value}</arg>
<doc>Types the given ``text`` into the text field identified by ``locator``.</doc>
<msg timestamp="20230524 19:54:02.040" level="INFO">Typing text 'Test' into text field 'id=postTheme'.</msg>
<status status="PASS" starttime="20230524 19:54:02.039" endtime="20230524 19:54:02.715"/>
</kw>
<status status="PASS" starttime="20230524 19:54:02.039" endtime="20230524 19:54:02.715"/>
</kw>
<kw name="click">
<arg>id=postContent</arg>
<kw name="Click Element" library="SeleniumLibrary">
<arg>${element}</arg>
<doc>Click the element identified by ``locator``.</doc>
<msg timestamp="20230524 19:54:02.715" level="INFO">Clicking element 'id=postContent'.</msg>
<status status="PASS" starttime="20230524 19:54:02.715" endtime="20230524 19:54:03.163"/>
</kw>
<status status="PASS" starttime="20230524 19:54:02.715" endtime="20230524 19:54:03.163"/>
</kw>
<kw name="type">
<arg>id=postContent</arg>
<arg>Test</arg>
<kw name="Input Text" library="SeleniumLibrary">
<arg>${element}</arg>
<arg>${value}</arg>
<doc>Types the given ``text`` into the text field identified by ``locator``.</doc>
<msg timestamp="20230524 19:54:03.164" level="INFO">Typing text 'Test' into text field 'id=postContent'.</msg>
<status status="PASS" starttime="20230524 19:54:03.163" endtime="20230524 19:54:03.853"/>
</kw>
<status status="PASS" starttime="20230524 19:54:03.163" endtime="20230524 19:54:03.853"/>
</kw>
<kw name="click">
<arg>id=createPostButton</arg>
<kw name="Click Element" library="SeleniumLibrary">
<arg>${element}</arg>
<doc>Click the element identified by ``locator``.</doc>
<msg timestamp="20230524 19:54:03.854" level="INFO">Clicking element 'id=createPostButton'.</msg>
<status status="PASS" starttime="20230524 19:54:03.854" endtime="20230524 19:54:04.317"/>
</kw>
<status status="PASS" starttime="20230524 19:54:03.853" endtime="20230524 19:54:04.317"/>
</kw>
<kw name="Close Browser" library="SeleniumLibrary" type="TEARDOWN">
<doc>Closes the current browser.</doc>
<status status="PASS" starttime="20230524 19:54:04.317" endtime="20230524 19:54:06.573"/>
</kw>
<status status="PASS" starttime="20230524 19:53:56.556" endtime="20230524 19:54:06.573"/>
</test>
<test id="s1-t8" name="comment-post" line="82">
<kw name="Run Keywords" library="BuiltIn" type="SETUP">
<arg>Open Browser</arg>
<arg>http://localhost:3000/</arg>
<arg>${BROWSER}</arg>
<arg>AND</arg>
<arg>Set Selenium Speed</arg>
<arg>${SELSPEED}</arg>
<doc>Executes all the given keywords in a sequence.</doc>
<kw name="Open Browser" library="SeleniumLibrary">
<arg>http://localhost:3000/</arg>
<arg>${BROWSER}</arg>
<doc>Opens a new browser instance to the optional ``url``.</doc>
<msg timestamp="20230524 19:54:06.576" level="INFO">Opening browser 'chrome' to base url 'http://localhost:3000/'.</msg>
<msg timestamp="20230524 19:54:06.608" level="INFO">Executing: C:\Users\vovas\AppData\Local\Programs\Python\Python311\Lib\site-packages\selenium\webdriver\common\windows\selenium-manager.exe --browser chrome --output json</msg>
<status status="PASS" starttime="20230524 19:54:06.575" endtime="20230524 19:54:08.892"/>
</kw>
<kw name="Set Selenium Speed" library="SeleniumLibrary">
<arg>${SELSPEED}</arg>
<doc>Sets the delay that is waited after each Selenium command.</doc>
<status status="PASS" starttime="20230524 19:54:08.892" endtime="20230524 19:54:08.892"/>
</kw>
<status status="PASS" starttime="20230524 19:54:06.575" endtime="20230524 19:54:08.892"/>
</kw>
<kw name="login">
<arg>test@test</arg>
<arg>test</arg>
<kw name="click">
<arg>id=email</arg>
<kw name="Click Element" library="SeleniumLibrary">
<arg>${element}</arg>
<doc>Click the element identified by ``locator``.</doc>
<msg timestamp="20230524 19:54:08.893" level="INFO">Clicking element 'id=email'.</msg>
<status status="PASS" starttime="20230524 19:54:08.893" endtime="20230524 19:54:09.346"/>
</kw>
<status status="PASS" starttime="20230524 19:54:08.892" endtime="20230524 19:54:09.346"/>
</kw>
<kw name="type">
<arg>id=email</arg>
<arg>${email}</arg>
<kw name="Input Text" library="SeleniumLibrary">
<arg>${element}</arg>
<arg>${value}</arg>
<doc>Types the given ``text`` into the text field identified by ``locator``.</doc>
<msg timestamp="20230524 19:54:09.347" level="INFO">Typing text 'test@test' into text field 'id=email'.</msg>
<status status="PASS" starttime="20230524 19:54:09.346" endtime="20230524 19:54:10.079"/>
</kw>
<status status="PASS" starttime="20230524 19:54:09.346" endtime="20230524 19:54:10.079"/>
</kw>
<kw name="click">
<arg>id=password</arg>
<kw name="Click Element" library="SeleniumLibrary">
<arg>${element}</arg>
<doc>Click the element identified by ``locator``.</doc>
<msg timestamp="20230524 19:54:10.081" level="INFO">Clicking element 'id=password'.</msg>
<status status="PASS" starttime="20230524 19:54:10.080" endtime="20230524 19:54:10.539"/>
</kw>
<status status="PASS" starttime="20230524 19:54:10.080" endtime="20230524 19:54:10.539"/>
</kw>
<kw name="type">
<arg>id=password</arg>
<arg>${pass}</arg>
<kw name="Input Text" library="SeleniumLibrary">
<arg>${element}</arg>
<arg>${value}</arg>
<doc>Types the given ``text`` into the text field identified by ``locator``.</doc>
<msg timestamp="20230524 19:54:10.540" level="INFO">Typing text 'test' into text field 'id=password'.</msg>
<status status="PASS" starttime="20230524 19:54:10.539" endtime="20230524 19:54:11.220"/>
</kw>
<status status="PASS" starttime="20230524 19:54:10.539" endtime="20230524 19:54:11.220"/>
</kw>
<kw name="click">
<arg>id=loginButton</arg>
<kw name="Click Element" library="SeleniumLibrary">
<arg>${element}</arg>
<doc>Click the element identified by ``locator``.</doc>
<msg timestamp="20230524 19:54:11.220" level="INFO">Clicking element 'id=loginButton'.</msg>
<status status="PASS" starttime="20230524 19:54:11.220" endtime="20230524 19:54:11.673"/>
</kw>
<status status="PASS" starttime="20230524 19:54:11.220" endtime="20230524 19:54:11.673"/>
</kw>
<status status="PASS" starttime="20230524 19:54:08.892" endtime="20230524 19:54:11.673"/>
</kw>
<kw name="click">
<arg>id=postsButtonz</arg>
<kw name="Click Element" library="SeleniumLibrary">
<arg>${element}</arg>
<doc>Click the element identified by ``locator``.</doc>
<msg timestamp="20230524 19:54:11.674" level="INFO">Clicking element 'id=postsButtonz'.</msg>
<status status="PASS" starttime="20230524 19:54:11.673" endtime="20230524 19:54:12.129"/>
</kw>
<status status="PASS" starttime="20230524 19:54:11.673" endtime="20230524 19:54:12.129"/>
</kw>
<kw name="click">
<arg>xpath=//div[@id='detailsButton']/div/div[3]/div[2]</arg>
<kw name="Click Element" library="SeleniumLibrary">
<arg>${element}</arg>
<doc>Click the element identified by ``locator``.</doc>
<msg timestamp="20230524 19:54:12.129" level="INFO">Clicking element 'xpath=//div[@id='detailsButton']/div/div[3]/div[2]'.</msg>
<status status="PASS" starttime="20230524 19:54:12.129" endtime="20230524 19:54:12.586"/>
</kw>
<status status="PASS" starttime="20230524 19:54:12.129" endtime="20230524 19:54:12.586"/>
</kw>
<kw name="click">
<arg>id=commentary</arg>
<kw name="Click Element" library="SeleniumLibrary">
<arg>${element}</arg>
<doc>Click the element identified by ``locator``.</doc>
<msg timestamp="20230524 19:54:12.586" level="INFO">Clicking element 'id=commentary'.</msg>
<status status="PASS" starttime="20230524 19:54:12.586" endtime="20230524 19:54:13.032"/>
</kw>
<status status="PASS" starttime="20230524 19:54:12.586" endtime="20230524 19:54:13.032"/>
</kw>
<kw name="type">
<arg>id=commentary</arg>
<arg>test</arg>
<kw name="Input Text" library="SeleniumLibrary">
<arg>${element}</arg>
<arg>${value}</arg>
<doc>Types the given ``text`` into the text field identified by ``locator``.</doc>
<msg timestamp="20230524 19:54:13.033" level="INFO">Typing text 'test' into text field 'id=commentary'.</msg>
<status status="PASS" starttime="20230524 19:54:13.032" endtime="20230524 19:54:13.718"/>
</kw>
<status status="PASS" starttime="20230524 19:54:13.032" endtime="20230524 19:54:13.718"/>
</kw>
<kw name="click">
<arg>id=commentarySubmitButton</arg>
<kw name="Click Element" library="SeleniumLibrary">
<arg>${element}</arg>
<doc>Click the element identified by ``locator``.</doc>
<msg timestamp="20230524 19:54:13.719" level="INFO">Clicking element 'id=commentarySubmitButton'.</msg>
<status status="PASS" starttime="20230524 19:54:13.718" endtime="20230524 19:54:14.172"/>
</kw>
<status status="PASS" starttime="20230524 19:54:13.718" endtime="20230524 19:54:14.172"/>
</kw>
<kw name="click">
<arg>css=.post-page-main</arg>
<kw name="Click Element" library="SeleniumLibrary">
<arg>${element}</arg>
<doc>Click the element identified by ``locator``.</doc>
<msg timestamp="20230524 19:54:14.173" level="INFO">Clicking element 'css=.post-page-main'.</msg>
<status status="PASS" starttime="20230524 19:54:14.172" endtime="20230524 19:54:14.610"/>
</kw>
<status status="PASS" starttime="20230524 19:54:14.172" endtime="20230524 19:54:14.610"/>
</kw>
<kw name="Close Browser" library="SeleniumLibrary" type="TEARDOWN">
<doc>Closes the current browser.</doc>
<status status="PASS" starttime="20230524 19:54:14.610" endtime="20230524 19:54:16.888"/>
</kw>
<status status="PASS" starttime="20230524 19:54:06.574" endtime="20230524 19:54:16.888"/>
</test>
<test id="s1-t9" name="logout" line="94">
<kw name="Run Keywords" library="BuiltIn" type="SETUP">
<arg>Open Browser</arg>
<arg>http://localhost:3000/</arg>
<arg>${BROWSER}</arg>
<arg>AND</arg>
<arg>Set Selenium Speed</arg>
<arg>${SELSPEED}</arg>
<doc>Executes all the given keywords in a sequence.</doc>
<kw name="Open Browser" library="SeleniumLibrary">
<arg>http://localhost:3000/</arg>
<arg>${BROWSER}</arg>
<doc>Opens a new browser instance to the optional ``url``.</doc>
<msg timestamp="20230524 19:54:16.891" level="INFO">Opening browser 'chrome' to base url 'http://localhost:3000/'.</msg>
<msg timestamp="20230524 19:54:16.908" level="INFO">Executing: C:\Users\vovas\AppData\Local\Programs\Python\Python311\Lib\site-packages\selenium\webdriver\common\windows\selenium-manager.exe --browser chrome --output json</msg>
<status status="PASS" starttime="20230524 19:54:16.890" endtime="20230524 19:54:19.124"/>
</kw>
<kw name="Set Selenium Speed" library="SeleniumLibrary">
<arg>${SELSPEED}</arg>
<doc>Sets the delay that is waited after each Selenium command.</doc>
<status status="PASS" starttime="20230524 19:54:19.124" endtime="20230524 19:54:19.124"/>
</kw>
<status status="PASS" starttime="20230524 19:54:16.890" endtime="20230524 19:54:19.124"/>
</kw>
<kw name="login">
<arg>test@test</arg>
<arg>test</arg>
<kw name="click">
<arg>id=email</arg>
<kw name="Click Element" library="SeleniumLibrary">
<arg>${element}</arg>
<doc>Click the element identified by ``locator``.</doc>
<msg timestamp="20230524 19:54:19.125" level="INFO">Clicking element 'id=email'.</msg>
<status status="PASS" starttime="20230524 19:54:19.125" endtime="20230524 19:54:19.580"/>
</kw>
<status status="PASS" starttime="20230524 19:54:19.124" endtime="20230524 19:54:19.580"/>
</kw>
<kw name="type">
<arg>id=email</arg>
<arg>${email}</arg>
<kw name="Input Text" library="SeleniumLibrary">
<arg>${element}</arg>
<arg>${value}</arg>
<doc>Types the given ``text`` into the text field identified by ``locator``.</doc>
<msg timestamp="20230524 19:54:19.581" level="INFO">Typing text 'test@test' into text field 'id=email'.</msg>
<status status="PASS" starttime="20230524 19:54:19.580" endtime="20230524 19:54:20.319"/>
</kw>
<status status="PASS" starttime="20230524 19:54:19.580" endtime="20230524 19:54:20.319"/>
</kw>
<kw name="click">
<arg>id=password</arg>
<kw name="Click Element" library="SeleniumLibrary">
<arg>${element}</arg>
<doc>Click the element identified by ``locator``.</doc>
<msg timestamp="20230524 19:54:20.320" level="INFO">Clicking element 'id=password'.</msg>
<status status="PASS" starttime="20230524 19:54:20.319" endtime="20230524 19:54:20.778"/>
</kw>
<status status="PASS" starttime="20230524 19:54:20.319" endtime="20230524 19:54:20.778"/>
</kw>
<kw name="type">
<arg>id=password</arg>
<arg>${pass}</arg>
<kw name="Input Text" library="SeleniumLibrary">
<arg>${element}</arg>
<arg>${value}</arg>
<doc>Types the given ``text`` into the text field identified by ``locator``.</doc>
<msg timestamp="20230524 19:54:20.779" level="INFO">Typing text 'test' into text field 'id=password'.</msg>
<status status="PASS" starttime="20230524 19:54:20.779" endtime="20230524 19:54:21.455"/>
</kw>
<status status="PASS" starttime="20230524 19:54:20.778" endtime="20230524 19:54:21.455"/>
</kw>
<kw name="click">
<arg>id=loginButton</arg>
<kw name="Click Element" library="SeleniumLibrary">
<arg>${element}</arg>
<doc>Click the element identified by ``locator``.</doc>
<msg timestamp="20230524 19:54:21.455" level="INFO">Clicking element 'id=loginButton'.</msg>
<status status="PASS" starttime="20230524 19:54:21.455" endtime="20230524 19:54:21.910"/>
</kw>
<status status="PASS" starttime="20230524 19:54:21.455" endtime="20230524 19:54:21.910"/>
</kw>
<status status="PASS" starttime="20230524 19:54:19.124" endtime="20230524 19:54:21.910"/>
</kw>
<kw name="click">
<arg>id=header-log-oug-button</arg>
<kw name="Click Element" library="SeleniumLibrary">
<arg>${element}</arg>
<doc>Click the element identified by ``locator``.</doc>
<msg timestamp="20230524 19:54:21.911" level="INFO">Clicking element 'id=header-log-oug-button'.</msg>
<status status="PASS" starttime="20230524 19:54:21.910" endtime="20230524 19:54:22.369"/>
</kw>
<status status="PASS" starttime="20230524 19:54:21.910" endtime="20230524 19:54:22.369"/>
</kw>
<kw name="click">
<arg>css=.login-main</arg>
<kw name="Click Element" library="SeleniumLibrary">
<arg>${element}</arg>
<doc>Click the element identified by ``locator``.</doc>
<msg timestamp="20230524 19:54:22.370" level="INFO">Clicking element 'css=.login-main'.</msg>
<status status="PASS" starttime="20230524 19:54:22.369" endtime="20230524 19:54:22.811"/>
</kw>
<status status="PASS" starttime="20230524 19:54:22.369" endtime="20230524 19:54:22.811"/>
</kw>
<kw name="click">
<arg>id=header-login-button</arg>
<kw name="Click Element" library="SeleniumLibrary">
<arg>${element}</arg>
<doc>Click the element identified by ``locator``.</doc>
<msg timestamp="20230524 19:54:22.812" level="INFO">Clicking element 'id=header-login-button'.</msg>
<status status="PASS" starttime="20230524 19:54:22.811" endtime="20230524 19:54:23.259"/>
</kw>
<status status="PASS" starttime="20230524 19:54:22.811" endtime="20230524 19:54:23.259"/>
</kw>
<kw name="click">
<arg>css=.login-main</arg>
<kw name="Click Element" library="SeleniumLibrary">
<arg>${element}</arg>
<doc>Click the element identified by ``locator``.</doc>
<msg timestamp="20230524 19:54:23.260" level="INFO">Clicking element 'css=.login-main'.</msg>
<status status="PASS" starttime="20230524 19:54:23.259" endtime="20230524 19:54:23.690"/>
</kw>
<status status="PASS" starttime="20230524 19:54:23.259" endtime="20230524 19:54:23.690"/>
</kw>
<kw name="Close Browser" library="SeleniumLibrary" type="TEARDOWN">
<doc>Closes the current browser.</doc>
<status status="PASS" starttime="20230524 19:54:23.690" endtime="20230524 19:54:25.936"/>
</kw>
<status status="PASS" starttime="20230524 19:54:16.889" endtime="20230524 19:54:25.936"/>
</test>
<status status="PASS" starttime="20230524 19:53:04.585" endtime="20230524 19:54:25.938"/>
</suite>
<statistics>
<total>
<stat pass="9" fail="0" skip="0">All Tests</stat>
</total>
<tag>
</tag>
<suite>
<stat pass="9" fail="0" skip="0" id="s1" name="Tests">Tests</stat>
</suite>
</statistics>
<errors>
</errors>
</robot>
